<?xml version="1.0" encoding="UTF-8"?>
<!-- Generated by org.testng.reporters.JUnitReportReporter -->
<testsuite hostname="Shree" failures="0" tests="1" name="com.test.CalcTest" time="0.013" errors="0" timestamp="2025-06-15T13:23:34 IST" skipped="0">
  <testcase classname="com.test.CalcTest" name="CanAddNumbers" time="0.013"/>
</testsuite> <!-- com.test.CalcTest -->
