<?xml version="1.0" encoding="UTF-8"?>
<!-- Generated by org.testng.reporters.JUnitReportReporter -->
<testsuite hostname="Shree" failures="0" tests="1" name="com.test.PlaywrightTest" time="13.945" errors="0" timestamp="2025-05-27T15:21:12 IST" skipped="0">
  <testcase classname="com.test.PlaywrightTest" name="test" time="13.945"/>
</testsuite> <!-- com.test.PlaywrightTest -->
