<?xml version="1.0" encoding="UTF-8"?>
<!-- Generated by org.testng.reporters.JUnitReportReporter -->
<testsuite hostname="Shree" failures="0" tests="2" name="com.test.XrayUploaderTest" time="55.557" errors="1" timestamp="2025-06-15T13:21:02 IST" skipped="0">
  <testcase classname="com.test.XrayUploaderTest" name="checkButtonEnabled" time="49.713">
    <error message="Error {
  message=&#039;Target page, context or browser has been closed
  name=&#039;TargetClosedError
  stack=&#039;TargetClosedError:Target page, context or browser has been closed
Error
    at captureRawStack (C:\Users\jadha\AppData\Local\Temp\playwright-java-10516265529118780771\package\lib\utils\isomorphic\stackTrace.js:36:17)
    at LongStandingScope._race (C:\Users\jadha\AppData\Local\Temp\playwright-java-10516265529118780771\package\lib\utils\isomorphic\manualPromise.js:89:52)
    at LongStandingScope.race (C:\Users\jadha\AppData\Local\Temp\playwright-java-10516265529118780771\package\lib\utils\isomorphic\manualPromise.js:82:17)
    at FrameDispatcher._handleCommand (C:\Users\jadha\AppData\Local\Temp\playwright-java-10516265529118780771\package\lib\server\dispatchers\dispatcher.js:98:36)
    at DispatcherConnection.dispatch (C:\Users\jadha\AppData\Local\Temp\playwright-java-10516265529118780771\package\lib\server\dispatchers\dispatcher.js:366:39)
}
Call log:
-   - waiting for locator(&quot;//*[@id=\&quot;login-butto\&quot;]&quot;)
" type="com.microsoft.playwright.impl.TargetClosedError">
      <![CDATA[com.microsoft.playwright.impl.TargetClosedError: Error {
  message='Target page, context or browser has been closed
  name='TargetClosedError
  stack='TargetClosedError:Target page, context or browser has been closed
Error
    at captureRawStack (C:\Users\jadha\AppData\Local\Temp\playwright-java-10516265529118780771\package\lib\utils\isomorphic\stackTrace.js:36:17)
    at LongStandingScope._race (C:\Users\jadha\AppData\Local\Temp\playwright-java-10516265529118780771\package\lib\utils\isomorphic\manualPromise.js:89:52)
    at LongStandingScope.race (C:\Users\jadha\AppData\Local\Temp\playwright-java-10516265529118780771\package\lib\utils\isomorphic\manualPromise.js:82:17)
    at FrameDispatcher._handleCommand (C:\Users\jadha\AppData\Local\Temp\playwright-java-10516265529118780771\package\lib\server\dispatchers\dispatcher.js:98:36)
    at DispatcherConnection.dispatch (C:\Users\jadha\AppData\Local\Temp\playwright-java-10516265529118780771\package\lib\server\dispatchers\dispatcher.js:366:39)
}
Call log:
-   - waiting for locator("//*[@id=\"login-butto\"]")

at com.microsoft.playwright.impl.WaitableResult.get(WaitableResult.java:54)
at com.microsoft.playwright.impl.ChannelOwner.runUntil(ChannelOwner.java:132)
at com.microsoft.playwright.impl.Connection.sendMessage(Connection.java:130)
at com.microsoft.playwright.impl.ChannelOwner.sendMessage(ChannelOwner.java:118)
at com.microsoft.playwright.impl.FrameImpl.isEnabledImpl(FrameImpl.java:606)
at com.microsoft.playwright.impl.FrameImpl.lambda$isEnabled$27(FrameImpl.java:597)
at com.microsoft.playwright.impl.LoggingSupport.withLogging(LoggingSupport.java:47)
at com.microsoft.playwright.impl.ChannelOwner.withLogging(ChannelOwner.java:97)
at com.microsoft.playwright.impl.FrameImpl.isEnabled(FrameImpl.java:597)
at com.microsoft.playwright.impl.LocatorImpl.isEnabled(LocatorImpl.java:415)
at com.microsoft.playwright.Locator.isEnabled(Locator.java:4021)
at com.test.XrayUploaderTest.checkButtonEnabled(XrayUploaderTest.java:84)
at java.base/jdk.internal.reflect.DirectMethodHandleAccessor.invoke(DirectMethodHandleAccessor.java:103)
at java.base/java.lang.reflect.Method.invoke(Method.java:580)
at org.testng.internal.invokers.MethodInvocationHelper.invokeMethod(MethodInvocationHelper.java:141)
at org.testng.internal.invokers.TestInvoker.invokeMethod(TestInvoker.java:687)
at org.testng.internal.invokers.TestInvoker.invokeTestMethod(TestInvoker.java:230)
at org.testng.internal.invokers.MethodRunner.runInSequence(MethodRunner.java:63)
at org.testng.internal.invokers.TestInvoker$MethodInvocationAgent.invoke(TestInvoker.java:995)
at org.testng.internal.invokers.TestInvoker.invokeTestMethods(TestInvoker.java:203)
at org.testng.internal.invokers.TestMethodWorker.invokeTestMethods(TestMethodWorker.java:154)
at org.testng.internal.invokers.TestMethodWorker.run(TestMethodWorker.java:134)
at java.base/java.util.ArrayList.forEach(ArrayList.java:1596)
at org.testng.TestRunner.privateRun(TestRunner.java:741)
at org.testng.TestRunner.run(TestRunner.java:616)
at org.testng.SuiteRunner.runTest(SuiteRunner.java:421)
at org.testng.SuiteRunner.runSequentially(SuiteRunner.java:413)
at org.testng.SuiteRunner.privateRun(SuiteRunner.java:373)
at org.testng.SuiteRunner.run(SuiteRunner.java:312)
at org.testng.SuiteRunnerWorker.runSuite(SuiteRunnerWorker.java:52)
at org.testng.SuiteRunnerWorker.run(SuiteRunnerWorker.java:95)
at org.testng.TestNG.runSuitesSequentially(TestNG.java:1274)
at org.testng.TestNG.runSuitesLocally(TestNG.java:1208)
at org.testng.TestNG.runSuites(TestNG.java:1112)
at org.testng.TestNG.run(TestNG.java:1079)
at org.testng.remote.AbstractRemoteTestNG.run(AbstractRemoteTestNG.java:115)
at org.testng.remote.RemoteTestNG.initAndRun(RemoteTestNG.java:293)
at org.testng.remote.RemoteTestNG.main(RemoteTestNG.java:91)
Caused by: com.microsoft.playwright.impl.TargetClosedError: Error {
  message='Target page, context or browser has been closed
  name='TargetClosedError
  stack='TargetClosedError:Target page, context or browser has been closed
Error
    at captureRawStack (C:\Users\jadha\AppData\Local\Temp\playwright-java-10516265529118780771\package\lib\utils\isomorphic\stackTrace.js:36:17)
    at LongStandingScope._race (C:\Users\jadha\AppData\Local\Temp\playwright-java-10516265529118780771\package\lib\utils\isomorphic\manualPromise.js:89:52)
    at LongStandingScope.race (C:\Users\jadha\AppData\Local\Temp\playwright-java-10516265529118780771\package\lib\utils\isomorphic\manualPromise.js:82:17)
    at FrameDispatcher._handleCommand (C:\Users\jadha\AppData\Local\Temp\playwright-java-10516265529118780771\package\lib\server\dispatchers\dispatcher.js:98:36)
    at DispatcherConnection.dispatch (C:\Users\jadha\AppData\Local\Temp\playwright-java-10516265529118780771\package\lib\server\dispatchers\dispatcher.js:366:39)
}
Call log:
-   - waiting for locator("//*[@id=\"login-butto\"]")

at com.microsoft.playwright.impl.Connection.dispatch(Connection.java:256)
at com.microsoft.playwright.impl.Connection.processOneMessage(Connection.java:211)
at com.microsoft.playwright.impl.ChannelOwner.runUntil(ChannelOwner.java:130)
... 36 more
]]>
    </error>
  </testcase> <!-- checkButtonEnabled -->
  <testcase classname="com.test.XrayUploaderTest" name="loginTestAndUploadToXray" time="5.844"/>
</testsuite> <!-- com.test.XrayUploaderTest -->
